TN:
SF:01-ratelimitter.js
FN:14,rateLimit
FNF:1
FNH:1
FNDA:13,rateLimit
DA:1,1
DA:2,1
DA:3,1
DA:4,1
DA:5,1
DA:6,1
DA:7,1
DA:8,1
DA:9,1
DA:10,1
DA:11,1
DA:12,1
DA:13,1
DA:14,13
DA:15,13
DA:16,13
DA:17,13
DA:18,11
DA:19,6
DA:20,6
DA:21,5
DA:22,13
DA:23,2
DA:24,2
DA:25,7
DA:26,7
DA:27,1
DA:28,1
DA:29,1
DA:30,2
DA:31,1
DA:32,1
DA:33,1
DA:34,1
DA:35,1
DA:36,7
DA:37,1
DA:38,1
DA:39,1
DA:40,0
DA:41,1
DA:42,1
DA:43,1
LF:43
LH:42
BRDA:14,0,0,13
BRDA:17,1,0,11
BRDA:18,2,0,6
BRDA:20,3,0,5
BRDA:22,4,0,2
BRDA:24,5,0,7
BRDA:29,6,0,2
BRDA:35,7,0,7
BRF:8
BRH:8
end_of_record
